
ORM LOG ENABLED
ORM LOG MESSAGES: 3
2023-06-18 12:27:09 [0s] => DbDeltaSql: CREATE TABLE wp_nm_config (
ID int(10) NOT NULL auto_increment, 
date_add datetime NOT NULL, 
date_update timestamp NOT NULL DEFAULT CURRENT_TIMESTAMP, 
namespace varchar(100), 
catalogue varchar(100), 
name varchar(100), 
label varchar(100), 
description varchar(150), 
type varchar(50), 
value text, 
PRIMARY KEY  (ID), 
INDEX name_idx (name), 
INDEX namespace_idx (namespace)
)
DEFAULT CHARACTER SET utf8mb4 COLLATE utf8mb4_unicode_520_ci;
2023-06-18 12:27:09 [0.013s] => DbDeltaSql: CREATE TABLE wp_nm_log (
ID int(10) NOT NULL auto_increment, 
date_add datetime NOT NULL, 
date_update timestamp NOT NULL DEFAULT CURRENT_TIMESTAMP, 
type varchar(20), 
source varchar(255), 
data text, 
PRIMARY KEY  (ID), 
INDEX type_idx (type), 
INDEX source_idx (source)
)
DEFAULT CHARACTER SET utf8mb4 COLLATE utf8mb4_unicode_520_ci;
2023-06-18 12:27:09 [0.019s] => DbDeltaSql: CREATE TABLE wp_nm_language (
ID int(10) NOT NULL auto_increment, 
date_add datetime NOT NULL, 
date_update timestamp NOT NULL DEFAULT CURRENT_TIMESTAMP, 
name varchar(50), 
shortcut varchar(50), 
active boolean DEFAULT FALSE, 
PRIMARY KEY  (ID), 
INDEX shortcut_idx (shortcut)
)
DEFAULT CHARACTER SET utf8mb4 COLLATE utf8mb4_unicode_520_ci;